This file contains any messages produced by compilers while
running configure, to aid debugging if configure makes a mistake.

It was created by si4.pl configure 0.01, which was
generated by GNU Autoconf 2.69.  Invocation command line was

  $ ./configure 

## --------- ##
## Platform. ##
## --------- ##

hostname = think.unix7.org
uname -m = amd64
uname -r = 11.1-STABLE
uname -s = FreeBSD
uname -v = FreeBSD 11.1-STABLE #9 r322692: Sat Aug 19 13:39:54 EET 2017     root@think.unix7.org:/usr/obj/usr/src/sys/X240 

/usr/bin/uname -p = amd64
/bin/uname -X     = unknown

/bin/arch              = unknown
/usr/bin/arch -k       = unknown
/usr/convex/getsysinfo = unknown
/usr/bin/hostinfo      = unknown
/bin/machine           = unknown
/usr/bin/oslevel       = unknown
/bin/universe          = unknown

PATH: /bin
PATH: /usr/bin
PATH: /usr/local/bin
PATH: /sbin
PATH: /usr/sbin
PATH: /usr/local/sbin
PATH: ~/bin


## ----------- ##
## Core tests. ##
## ----------- ##

configure:1794: checking for a BSD-compatible install
configure:1862: result: /usr/bin/install -c
configure:1873: checking whether build environment is sane
configure:1928: result: yes
configure:2079: checking for a thread-safe mkdir -p
configure:2118: result: /usr/local/bin/gmkdir -p
configure:2125: checking for gawk
configure:2141: found /usr/local/bin/gawk
configure:2152: result: gawk
configure:2163: checking whether make sets $(MAKE)
configure:2185: result: yes
configure:2214: checking whether make supports nested variables
configure:2231: result: yes
configure:2363: checking for ruby
configure:2379: found /usr/local/bin/ruby
configure:2391: result: true
configure:2406: checking for ruby
configure:2424: found /usr/local/bin/ruby
configure:2436: result: /usr/local/bin/ruby
configure:2451: checking build system type
configure:2465: result: x86_64-unknown-freebsd11.1
configure:2485: checking host system type
configure:2498: result: x86_64-unknown-freebsd11.1
configure:2904: checking that generated files are newer than configure
configure:2910: result: done
configure:2942: creating ./config.status

## ---------------------- ##
## Running config.status. ##
## ---------------------- ##

This file was extended by si4.pl config.status 0.01, which was
generated by GNU Autoconf 2.69.  Invocation command line was

  CONFIG_FILES    = 
  CONFIG_HEADERS  = 
  CONFIG_LINKS    = 
  CONFIG_COMMANDS = 
  $ ./config.status 

on think.unix7.org

config.status:770: creating Makefile
config.status:770: creating si4
config.status:770: creating si4.service
config.status:770: creating rc.d/si4
config.status:770: creating init.d/si4

## ---------------- ##
## Cache variables. ##
## ---------------- ##

ac_cv_build=x86_64-unknown-freebsd11.1
ac_cv_env_build_alias_set=''
ac_cv_env_build_alias_value=''
ac_cv_env_host_alias_set=''
ac_cv_env_host_alias_value=''
ac_cv_env_target_alias_set=''
ac_cv_env_target_alias_value=''
ac_cv_host=x86_64-unknown-freebsd11.1
ac_cv_path_RUBY=/usr/local/bin/ruby
ac_cv_path_install='/usr/bin/install -c'
ac_cv_path_mkdir=/usr/local/bin/gmkdir
ac_cv_prog_AWK=gawk
ac_cv_prog_HAVE_RUBY=true
ac_cv_prog_make_make_set=yes
am_cv_make_support_nested_variables=yes

## ----------------- ##
## Output variables. ##
## ----------------- ##

ACLOCAL='${SHELL} /home/ziggi/sinatra-tmpl/missing aclocal-1.15'
AMTAR='$${TAR-tar}'
AM_BACKSLASH='\'
AM_DEFAULT_V='$(AM_DEFAULT_VERBOSITY)'
AM_DEFAULT_VERBOSITY='1'
AM_V='$(V)'
APP_CONFDIR='/usr/local/etc/si4'
APP_GROUP='www'
APP_LIBDIR='/usr/local/share/si4'
APP_LOGDIR='/var/log/si4'
APP_RUNDIR='/var/run/si4'
APP_USER='www'
AUTOCONF='${SHELL} /home/ziggi/sinatra-tmpl/missing autoconf'
AUTOHEADER='${SHELL} /home/ziggi/sinatra-tmpl/missing autoheader'
AUTOMAKE='${SHELL} /home/ziggi/sinatra-tmpl/missing automake-1.15'
AWK='gawk'
CYGPATH_W='echo'
DEFS='-DPACKAGE_NAME=\"si4.pl\" -DPACKAGE_TARNAME=\"si4-pl\" -DPACKAGE_VERSION=\"0.01\" -DPACKAGE_STRING=\"si4.pl\ 0.01\" -DPACKAGE_BUGREPORT=\"\" -DPACKAGE_URL=\"\" -DPACKAGE=\"si4-pl\" -DVERSION=\"0.01\" -DAPP_CONFDIR=\"/usr/local/etc/si4\" -DAPP_LOGDIR=\"/var/log/si4\" -DAPP_RUNDIR=\"/var/run/si4\" -DAPP_USER=\"www\" -DAPP_GROUP=\"www\" -DAPP_LIBDIR=/usr/local/share/si4'
ECHO_C=''
ECHO_N='-n'
ECHO_T=''
FREEBSD_OS_FALSE='#'
FREEBSD_OS_TRUE=''
HAVE_RUBY='true'
INSTALL_DATA='${INSTALL} -m 644'
INSTALL_PROGRAM='${INSTALL}'
INSTALL_SCRIPT='${INSTALL}'
INSTALL_STRIP_PROGRAM='$(install_sh) -c -s'
LIBOBJS=''
LIBS=''
LINUX_OS_FALSE=''
LINUX_OS_TRUE='#'
LTLIBOBJS=''
MAKEINFO='${SHELL} /home/ziggi/sinatra-tmpl/missing makeinfo'
MKDIR_P='/usr/local/bin/gmkdir -p'
PACKAGE='si4'
PACKAGE_BUGREPORT=''
PACKAGE_NAME='si4.pl'
PACKAGE_STRING='si4.pl 0.01'
PACKAGE_TARNAME='si4-pl'
PACKAGE_URL=''
PACKAGE_VERSION='0.01'
PATH_SEPARATOR=':'
ROOT_GROUP='wheel'
RUBY='/usr/local/bin/ruby'
SET_MAKE=''
SHELL='/bin/sh'
STRIP=''
SYSTEMD_FALSE=''
SYSTEMD_TRUE='#'
VERSION='0.01'
am__isrc=''
am__leading_dot='.'
am__tar='$${TAR-tar} chof - "$$tardir"'
am__untar='$${TAR-tar} xf -'
bindir='${exec_prefix}/bin'
build='x86_64-unknown-freebsd11.1'
build_alias=''
build_cpu='x86_64'
build_os='freebsd11.1'
build_vendor='unknown'
datadir='${datarootdir}'
datarootdir='${prefix}/share'
docdir='${datarootdir}/doc/${PACKAGE_TARNAME}'
dvidir='${docdir}'
exec_prefix='${prefix}'
host='x86_64-unknown-freebsd11.1'
host_alias=''
host_cpu='x86_64'
host_os='freebsd11.1'
host_vendor='unknown'
htmldir='${docdir}'
includedir='${prefix}/include'
infodir='${datarootdir}/info'
install_sh='${SHELL} /home/ziggi/sinatra-tmpl/install-sh'
libdir='${exec_prefix}/lib'
libexecdir='${exec_prefix}/libexec'
localedir='${datarootdir}/locale'
localstatedir='${prefix}/var'
mandir='${datarootdir}/man'
mkdir_p='$(MKDIR_P)'
oldincludedir='/usr/include'
pdfdir='${docdir}'
prefix='/usr/local'
program_transform_name='s,x,x,'
psdir='${docdir}'
sbindir='${exec_prefix}/sbin'
sharedstatedir='${prefix}/com'
sysconfdir='${prefix}/etc'
target_alias=''

## ----------- ##
## confdefs.h. ##
## ----------- ##

/* confdefs.h */
#define PACKAGE_NAME "si4.pl"
#define PACKAGE_TARNAME "si4-pl"
#define PACKAGE_VERSION "0.01"
#define PACKAGE_STRING "si4.pl 0.01"
#define PACKAGE_BUGREPORT ""
#define PACKAGE_URL ""
#define PACKAGE "si4-pl"
#define VERSION "0.01"
#define APP_CONFDIR "/usr/local/etc/si4"
#define APP_LOGDIR "/var/log/si4"
#define APP_RUNDIR "/var/run/si4"
#define APP_USER "www"
#define APP_GROUP "www"
#define APP_LIBDIR /usr/local/share/si4

configure: exit 0

## ---------------------- ##
## Running config.status. ##
## ---------------------- ##

This file was extended by si4.pl config.status 0.01, which was
generated by GNU Autoconf 2.69.  Invocation command line was

  CONFIG_FILES    = 
  CONFIG_HEADERS  = 
  CONFIG_LINKS    = 
  CONFIG_COMMANDS = 
  $ ./config.status si4

on think.unix7.org

config.status:770: creating si4

## ---------------------- ##
## Running config.status. ##
## ---------------------- ##

This file was extended by si4.pl config.status 0.01, which was
generated by GNU Autoconf 2.69.  Invocation command line was

  CONFIG_FILES    = 
  CONFIG_HEADERS  = 
  CONFIG_LINKS    = 
  CONFIG_COMMANDS = 
  $ ./config.status si4

on think.unix7.org

config.status:770: creating si4

## ---------------------- ##
## Running config.status. ##
## ---------------------- ##

This file was extended by si4.pl config.status 0.01, which was
generated by GNU Autoconf 2.69.  Invocation command line was

  CONFIG_FILES    = 
  CONFIG_HEADERS  = 
  CONFIG_LINKS    = 
  CONFIG_COMMANDS = 
  $ ./config.status rc.d/si4

on think.unix7.org

config.status:770: creating rc.d/si4

## ---------------------- ##
## Running config.status. ##
## ---------------------- ##

This file was extended by si4.pl config.status 0.01, which was
generated by GNU Autoconf 2.69.  Invocation command line was

  CONFIG_FILES    = 
  CONFIG_HEADERS  = 
  CONFIG_LINKS    = 
  CONFIG_COMMANDS = 
  $ ./config.status rc.d/si4

on think.unix7.org

config.status:770: creating rc.d/si4

## ---------------------- ##
## Running config.status. ##
## ---------------------- ##

This file was extended by si4.pl config.status 0.01, which was
generated by GNU Autoconf 2.69.  Invocation command line was

  CONFIG_FILES    = 
  CONFIG_HEADERS  = 
  CONFIG_LINKS    = 
  CONFIG_COMMANDS = 
  $ ./config.status rc.d/si4

on think.unix7.org

config.status:770: creating rc.d/si4

## ---------------------- ##
## Running config.status. ##
## ---------------------- ##

This file was extended by si4.pl config.status 0.01, which was
generated by GNU Autoconf 2.69.  Invocation command line was

  CONFIG_FILES    = 
  CONFIG_HEADERS  = 
  CONFIG_LINKS    = 
  CONFIG_COMMANDS = 
  $ ./config.status si4

on think.unix7.org

config.status:770: creating si4

## ---------------------- ##
## Running config.status. ##
## ---------------------- ##

This file was extended by si4.pl config.status 0.01, which was
generated by GNU Autoconf 2.69.  Invocation command line was

  CONFIG_FILES    = 
  CONFIG_HEADERS  = 
  CONFIG_LINKS    = 
  CONFIG_COMMANDS = 
  $ ./config.status rc.d/si4

on think.unix7.org

config.status:770: creating rc.d/si4

## ---------------------- ##
## Running config.status. ##
## ---------------------- ##

This file was extended by si4.pl config.status 0.01, which was
generated by GNU Autoconf 2.69.  Invocation command line was

  CONFIG_FILES    = 
  CONFIG_HEADERS  = 
  CONFIG_LINKS    = 
  CONFIG_COMMANDS = 
  $ ./config.status rc.d/si4

on think.unix7.org

config.status:770: creating rc.d/si4

## ---------------------- ##
## Running config.status. ##
## ---------------------- ##

This file was extended by si4.pl config.status 0.01, which was
generated by GNU Autoconf 2.69.  Invocation command line was

  CONFIG_FILES    = 
  CONFIG_HEADERS  = 
  CONFIG_LINKS    = 
  CONFIG_COMMANDS = 
  $ ./config.status si4

on think.unix7.org

config.status:770: creating si4

## ---------------------- ##
## Running config.status. ##
## ---------------------- ##

This file was extended by si4.pl config.status 0.01, which was
generated by GNU Autoconf 2.69.  Invocation command line was

  CONFIG_FILES    = 
  CONFIG_HEADERS  = 
  CONFIG_LINKS    = 
  CONFIG_COMMANDS = 
  $ ./config.status si4

on think.unix7.org

config.status:770: creating si4

## ---------------------- ##
## Running config.status. ##
## ---------------------- ##

This file was extended by si4.pl config.status 0.01, which was
generated by GNU Autoconf 2.69.  Invocation command line was

  CONFIG_FILES    = 
  CONFIG_HEADERS  = 
  CONFIG_LINKS    = 
  CONFIG_COMMANDS = 
  $ ./config.status si4

on think.unix7.org

config.status:770: creating si4

## ---------------------- ##
## Running config.status. ##
## ---------------------- ##

This file was extended by si4.pl config.status 0.01, which was
generated by GNU Autoconf 2.69.  Invocation command line was

  CONFIG_FILES    = 
  CONFIG_HEADERS  = 
  CONFIG_LINKS    = 
  CONFIG_COMMANDS = 
  $ ./config.status si4

on think.unix7.org

config.status:770: creating si4

## ---------------------- ##
## Running config.status. ##
## ---------------------- ##

This file was extended by si4.pl config.status 0.01, which was
generated by GNU Autoconf 2.69.  Invocation command line was

  CONFIG_FILES    = 
  CONFIG_HEADERS  = 
  CONFIG_LINKS    = 
  CONFIG_COMMANDS = 
  $ ./config.status si4

on think.unix7.org

config.status:770: creating si4

## ---------------------- ##
## Running config.status. ##
## ---------------------- ##

This file was extended by si4.pl config.status 0.01, which was
generated by GNU Autoconf 2.69.  Invocation command line was

  CONFIG_FILES    = 
  CONFIG_HEADERS  = 
  CONFIG_LINKS    = 
  CONFIG_COMMANDS = 
  $ ./config.status si4

on think.unix7.org

config.status:770: creating si4

## ---------------------- ##
## Running config.status. ##
## ---------------------- ##

This file was extended by si4.pl config.status 0.01, which was
generated by GNU Autoconf 2.69.  Invocation command line was

  CONFIG_FILES    = 
  CONFIG_HEADERS  = 
  CONFIG_LINKS    = 
  CONFIG_COMMANDS = 
  $ ./config.status si4

on think.unix7.org

config.status:770: creating si4

## ---------------------- ##
## Running config.status. ##
## ---------------------- ##

This file was extended by si4.pl config.status 0.01, which was
generated by GNU Autoconf 2.69.  Invocation command line was

  CONFIG_FILES    = 
  CONFIG_HEADERS  = 
  CONFIG_LINKS    = 
  CONFIG_COMMANDS = 
  $ ./config.status si4

on think.unix7.org

config.status:770: creating si4

## ---------------------- ##
## Running config.status. ##
## ---------------------- ##

This file was extended by si4.pl config.status 0.01, which was
generated by GNU Autoconf 2.69.  Invocation command line was

  CONFIG_FILES    = 
  CONFIG_HEADERS  = 
  CONFIG_LINKS    = 
  CONFIG_COMMANDS = 
  $ ./config.status si4

on think.unix7.org

config.status:770: creating si4

## ---------------------- ##
## Running config.status. ##
## ---------------------- ##

This file was extended by si4.pl config.status 0.01, which was
generated by GNU Autoconf 2.69.  Invocation command line was

  CONFIG_FILES    = 
  CONFIG_HEADERS  = 
  CONFIG_LINKS    = 
  CONFIG_COMMANDS = 
  $ ./config.status si4

on think.unix7.org

config.status:770: creating si4

## ---------------------- ##
## Running config.status. ##
## ---------------------- ##

This file was extended by si4.pl config.status 0.01, which was
generated by GNU Autoconf 2.69.  Invocation command line was

  CONFIG_FILES    = 
  CONFIG_HEADERS  = 
  CONFIG_LINKS    = 
  CONFIG_COMMANDS = 
  $ ./config.status si4

on think.unix7.org

config.status:770: creating si4

## ---------------------- ##
## Running config.status. ##
## ---------------------- ##

This file was extended by si4.pl config.status 0.01, which was
generated by GNU Autoconf 2.69.  Invocation command line was

  CONFIG_FILES    = 
  CONFIG_HEADERS  = 
  CONFIG_LINKS    = 
  CONFIG_COMMANDS = 
  $ ./config.status si4

on think.unix7.org

config.status:770: creating si4

## ---------------------- ##
## Running config.status. ##
## ---------------------- ##

This file was extended by si4.pl config.status 0.01, which was
generated by GNU Autoconf 2.69.  Invocation command line was

  CONFIG_FILES    = 
  CONFIG_HEADERS  = 
  CONFIG_LINKS    = 
  CONFIG_COMMANDS = 
  $ ./config.status si4

on think.unix7.org

config.status:770: creating si4

## ---------------------- ##
## Running config.status. ##
## ---------------------- ##

This file was extended by si4.pl config.status 0.01, which was
generated by GNU Autoconf 2.69.  Invocation command line was

  CONFIG_FILES    = 
  CONFIG_HEADERS  = 
  CONFIG_LINKS    = 
  CONFIG_COMMANDS = 
  $ ./config.status si4

on think.unix7.org

config.status:770: creating si4

## ---------------------- ##
## Running config.status. ##
## ---------------------- ##

This file was extended by si4.pl config.status 0.01, which was
generated by GNU Autoconf 2.69.  Invocation command line was

  CONFIG_FILES    = 
  CONFIG_HEADERS  = 
  CONFIG_LINKS    = 
  CONFIG_COMMANDS = 
  $ ./config.status si4

on think.unix7.org

config.status:770: creating si4

## ---------------------- ##
## Running config.status. ##
## ---------------------- ##

This file was extended by si4.pl config.status 0.01, which was
generated by GNU Autoconf 2.69.  Invocation command line was

  CONFIG_FILES    = 
  CONFIG_HEADERS  = 
  CONFIG_LINKS    = 
  CONFIG_COMMANDS = 
  $ ./config.status si4

on think.unix7.org

config.status:770: creating si4

## ---------------------- ##
## Running config.status. ##
## ---------------------- ##

This file was extended by si4.pl config.status 0.01, which was
generated by GNU Autoconf 2.69.  Invocation command line was

  CONFIG_FILES    = 
  CONFIG_HEADERS  = 
  CONFIG_LINKS    = 
  CONFIG_COMMANDS = 
  $ ./config.status si4

on think.unix7.org

config.status:770: creating si4

## ---------------------- ##
## Running config.status. ##
## ---------------------- ##

This file was extended by si4.pl config.status 0.01, which was
generated by GNU Autoconf 2.69.  Invocation command line was

  CONFIG_FILES    = 
  CONFIG_HEADERS  = 
  CONFIG_LINKS    = 
  CONFIG_COMMANDS = 
  $ ./config.status si4

on think.unix7.org

config.status:770: creating si4

## ---------------------- ##
## Running config.status. ##
## ---------------------- ##

This file was extended by si4.pl config.status 0.01, which was
generated by GNU Autoconf 2.69.  Invocation command line was

  CONFIG_FILES    = 
  CONFIG_HEADERS  = 
  CONFIG_LINKS    = 
  CONFIG_COMMANDS = 
  $ ./config.status si4

on think.unix7.org

config.status:770: creating si4

## ---------------------- ##
## Running config.status. ##
## ---------------------- ##

This file was extended by si4.pl config.status 0.01, which was
generated by GNU Autoconf 2.69.  Invocation command line was

  CONFIG_FILES    = 
  CONFIG_HEADERS  = 
  CONFIG_LINKS    = 
  CONFIG_COMMANDS = 
  $ ./config.status si4

on think.unix7.org

config.status:770: creating si4

## ---------------------- ##
## Running config.status. ##
## ---------------------- ##

This file was extended by si4.pl config.status 0.01, which was
generated by GNU Autoconf 2.69.  Invocation command line was

  CONFIG_FILES    = 
  CONFIG_HEADERS  = 
  CONFIG_LINKS    = 
  CONFIG_COMMANDS = 
  $ ./config.status si4

on think.unix7.org

config.status:770: creating si4

## ---------------------- ##
## Running config.status. ##
## ---------------------- ##

This file was extended by si4.pl config.status 0.01, which was
generated by GNU Autoconf 2.69.  Invocation command line was

  CONFIG_FILES    = 
  CONFIG_HEADERS  = 
  CONFIG_LINKS    = 
  CONFIG_COMMANDS = 
  $ ./config.status si4

on think.unix7.org

config.status:770: creating si4

## ---------------------- ##
## Running config.status. ##
## ---------------------- ##

This file was extended by si4.pl config.status 0.01, which was
generated by GNU Autoconf 2.69.  Invocation command line was

  CONFIG_FILES    = 
  CONFIG_HEADERS  = 
  CONFIG_LINKS    = 
  CONFIG_COMMANDS = 
  $ ./config.status si4

on think.unix7.org

config.status:770: creating si4

## ---------------------- ##
## Running config.status. ##
## ---------------------- ##

This file was extended by si4.pl config.status 0.01, which was
generated by GNU Autoconf 2.69.  Invocation command line was

  CONFIG_FILES    = 
  CONFIG_HEADERS  = 
  CONFIG_LINKS    = 
  CONFIG_COMMANDS = 
  $ ./config.status si4

on think.unix7.org

config.status:770: creating si4

## ---------------------- ##
## Running config.status. ##
## ---------------------- ##

This file was extended by si4.pl config.status 0.01, which was
generated by GNU Autoconf 2.69.  Invocation command line was

  CONFIG_FILES    = 
  CONFIG_HEADERS  = 
  CONFIG_LINKS    = 
  CONFIG_COMMANDS = 
  $ ./config.status si4

on think.unix7.org

config.status:770: creating si4

## ---------------------- ##
## Running config.status. ##
## ---------------------- ##

This file was extended by si4.pl config.status 0.01, which was
generated by GNU Autoconf 2.69.  Invocation command line was

  CONFIG_FILES    = 
  CONFIG_HEADERS  = 
  CONFIG_LINKS    = 
  CONFIG_COMMANDS = 
  $ ./config.status si4

on think.unix7.org

config.status:770: creating si4

## ---------------------- ##
## Running config.status. ##
## ---------------------- ##

This file was extended by si4.pl config.status 0.01, which was
generated by GNU Autoconf 2.69.  Invocation command line was

  CONFIG_FILES    = 
  CONFIG_HEADERS  = 
  CONFIG_LINKS    = 
  CONFIG_COMMANDS = 
  $ ./config.status si4

on think.unix7.org

config.status:770: creating si4

## ---------------------- ##
## Running config.status. ##
## ---------------------- ##

This file was extended by si4.pl config.status 0.01, which was
generated by GNU Autoconf 2.69.  Invocation command line was

  CONFIG_FILES    = 
  CONFIG_HEADERS  = 
  CONFIG_LINKS    = 
  CONFIG_COMMANDS = 
  $ ./config.status si4

on think.unix7.org

config.status:770: creating si4

## ---------------------- ##
## Running config.status. ##
## ---------------------- ##

This file was extended by si4.pl config.status 0.01, which was
generated by GNU Autoconf 2.69.  Invocation command line was

  CONFIG_FILES    = 
  CONFIG_HEADERS  = 
  CONFIG_LINKS    = 
  CONFIG_COMMANDS = 
  $ ./config.status si4

on think.unix7.org

config.status:770: creating si4

## ---------------------- ##
## Running config.status. ##
## ---------------------- ##

This file was extended by si4.pl config.status 0.01, which was
generated by GNU Autoconf 2.69.  Invocation command line was

  CONFIG_FILES    = 
  CONFIG_HEADERS  = 
  CONFIG_LINKS    = 
  CONFIG_COMMANDS = 
  $ ./config.status si4

on think.unix7.org

config.status:770: creating si4

## ---------------------- ##
## Running config.status. ##
## ---------------------- ##

This file was extended by si4.pl config.status 0.01, which was
generated by GNU Autoconf 2.69.  Invocation command line was

  CONFIG_FILES    = 
  CONFIG_HEADERS  = 
  CONFIG_LINKS    = 
  CONFIG_COMMANDS = 
  $ ./config.status si4

on think.unix7.org

config.status:770: creating si4

## ---------------------- ##
## Running config.status. ##
## ---------------------- ##

This file was extended by si4.pl config.status 0.01, which was
generated by GNU Autoconf 2.69.  Invocation command line was

  CONFIG_FILES    = 
  CONFIG_HEADERS  = 
  CONFIG_LINKS    = 
  CONFIG_COMMANDS = 
  $ ./config.status si4

on think.unix7.org

config.status:770: creating si4

## ---------------------- ##
## Running config.status. ##
## ---------------------- ##

This file was extended by si4.pl config.status 0.01, which was
generated by GNU Autoconf 2.69.  Invocation command line was

  CONFIG_FILES    = 
  CONFIG_HEADERS  = 
  CONFIG_LINKS    = 
  CONFIG_COMMANDS = 
  $ ./config.status si4

on think.unix7.org

config.status:770: creating si4

## ---------------------- ##
## Running config.status. ##
## ---------------------- ##

This file was extended by si4.pl config.status 0.01, which was
generated by GNU Autoconf 2.69.  Invocation command line was

  CONFIG_FILES    = 
  CONFIG_HEADERS  = 
  CONFIG_LINKS    = 
  CONFIG_COMMANDS = 
  $ ./config.status si4

on think.unix7.org

config.status:770: creating si4

## ---------------------- ##
## Running config.status. ##
## ---------------------- ##

This file was extended by si4.pl config.status 0.01, which was
generated by GNU Autoconf 2.69.  Invocation command line was

  CONFIG_FILES    = 
  CONFIG_HEADERS  = 
  CONFIG_LINKS    = 
  CONFIG_COMMANDS = 
  $ ./config.status si4

on think.unix7.org

config.status:770: creating si4

## ---------------------- ##
## Running config.status. ##
## ---------------------- ##

This file was extended by si4.pl config.status 0.01, which was
generated by GNU Autoconf 2.69.  Invocation command line was

  CONFIG_FILES    = 
  CONFIG_HEADERS  = 
  CONFIG_LINKS    = 
  CONFIG_COMMANDS = 
  $ ./config.status si4

on think.unix7.org

config.status:770: creating si4

## ---------------------- ##
## Running config.status. ##
## ---------------------- ##

This file was extended by si4.pl config.status 0.01, which was
generated by GNU Autoconf 2.69.  Invocation command line was

  CONFIG_FILES    = 
  CONFIG_HEADERS  = 
  CONFIG_LINKS    = 
  CONFIG_COMMANDS = 
  $ ./config.status si4

on think.unix7.org

config.status:770: creating si4

## ---------------------- ##
## Running config.status. ##
## ---------------------- ##

This file was extended by si4.pl config.status 0.01, which was
generated by GNU Autoconf 2.69.  Invocation command line was

  CONFIG_FILES    = 
  CONFIG_HEADERS  = 
  CONFIG_LINKS    = 
  CONFIG_COMMANDS = 
  $ ./config.status si4

on think.unix7.org

config.status:770: creating si4

## ---------------------- ##
## Running config.status. ##
## ---------------------- ##

This file was extended by si4.pl config.status 0.01, which was
generated by GNU Autoconf 2.69.  Invocation command line was

  CONFIG_FILES    = 
  CONFIG_HEADERS  = 
  CONFIG_LINKS    = 
  CONFIG_COMMANDS = 
  $ ./config.status si4

on think.unix7.org

config.status:770: creating si4

## ---------------------- ##
## Running config.status. ##
## ---------------------- ##

This file was extended by si4.pl config.status 0.01, which was
generated by GNU Autoconf 2.69.  Invocation command line was

  CONFIG_FILES    = 
  CONFIG_HEADERS  = 
  CONFIG_LINKS    = 
  CONFIG_COMMANDS = 
  $ ./config.status si4

on think.unix7.org

config.status:770: creating si4

## ---------------------- ##
## Running config.status. ##
## ---------------------- ##

This file was extended by si4.pl config.status 0.01, which was
generated by GNU Autoconf 2.69.  Invocation command line was

  CONFIG_FILES    = 
  CONFIG_HEADERS  = 
  CONFIG_LINKS    = 
  CONFIG_COMMANDS = 
  $ ./config.status si4

on think.unix7.org

config.status:770: creating si4

## ---------------------- ##
## Running config.status. ##
## ---------------------- ##

This file was extended by si4.pl config.status 0.01, which was
generated by GNU Autoconf 2.69.  Invocation command line was

  CONFIG_FILES    = 
  CONFIG_HEADERS  = 
  CONFIG_LINKS    = 
  CONFIG_COMMANDS = 
  $ ./config.status si4

on think.unix7.org

config.status:770: creating si4

## ---------------------- ##
## Running config.status. ##
## ---------------------- ##

This file was extended by si4.pl config.status 0.01, which was
generated by GNU Autoconf 2.69.  Invocation command line was

  CONFIG_FILES    = 
  CONFIG_HEADERS  = 
  CONFIG_LINKS    = 
  CONFIG_COMMANDS = 
  $ ./config.status si4

on think.unix7.org

config.status:770: creating si4

## ---------------------- ##
## Running config.status. ##
## ---------------------- ##

This file was extended by si4.pl config.status 0.01, which was
generated by GNU Autoconf 2.69.  Invocation command line was

  CONFIG_FILES    = 
  CONFIG_HEADERS  = 
  CONFIG_LINKS    = 
  CONFIG_COMMANDS = 
  $ ./config.status si4

on think.unix7.org

config.status:770: creating si4

## ---------------------- ##
## Running config.status. ##
## ---------------------- ##

This file was extended by si4.pl config.status 0.01, which was
generated by GNU Autoconf 2.69.  Invocation command line was

  CONFIG_FILES    = 
  CONFIG_HEADERS  = 
  CONFIG_LINKS    = 
  CONFIG_COMMANDS = 
  $ ./config.status si4

on think.unix7.org

config.status:770: creating si4

## ---------------------- ##
## Running config.status. ##
## ---------------------- ##

This file was extended by si4.pl config.status 0.01, which was
generated by GNU Autoconf 2.69.  Invocation command line was

  CONFIG_FILES    = 
  CONFIG_HEADERS  = 
  CONFIG_LINKS    = 
  CONFIG_COMMANDS = 
  $ ./config.status si4

on think.unix7.org

config.status:770: creating si4

## ---------------------- ##
## Running config.status. ##
## ---------------------- ##

This file was extended by si4.pl config.status 0.01, which was
generated by GNU Autoconf 2.69.  Invocation command line was

  CONFIG_FILES    = 
  CONFIG_HEADERS  = 
  CONFIG_LINKS    = 
  CONFIG_COMMANDS = 
  $ ./config.status si4

on think.unix7.org

config.status:770: creating si4

## ---------------------- ##
## Running config.status. ##
## ---------------------- ##

This file was extended by si4.pl config.status 0.01, which was
generated by GNU Autoconf 2.69.  Invocation command line was

  CONFIG_FILES    = 
  CONFIG_HEADERS  = 
  CONFIG_LINKS    = 
  CONFIG_COMMANDS = 
  $ ./config.status si4

on think.unix7.org

config.status:770: creating si4

## ---------------------- ##
## Running config.status. ##
## ---------------------- ##

This file was extended by si4.pl config.status 0.01, which was
generated by GNU Autoconf 2.69.  Invocation command line was

  CONFIG_FILES    = 
  CONFIG_HEADERS  = 
  CONFIG_LINKS    = 
  CONFIG_COMMANDS = 
  $ ./config.status si4

on think.unix7.org

config.status:770: creating si4

## ---------------------- ##
## Running config.status. ##
## ---------------------- ##

This file was extended by si4.pl config.status 0.01, which was
generated by GNU Autoconf 2.69.  Invocation command line was

  CONFIG_FILES    = 
  CONFIG_HEADERS  = 
  CONFIG_LINKS    = 
  CONFIG_COMMANDS = 
  $ ./config.status si4

on think.unix7.org

config.status:770: creating si4

## ---------------------- ##
## Running config.status. ##
## ---------------------- ##

This file was extended by si4.pl config.status 0.01, which was
generated by GNU Autoconf 2.69.  Invocation command line was

  CONFIG_FILES    = 
  CONFIG_HEADERS  = 
  CONFIG_LINKS    = 
  CONFIG_COMMANDS = 
  $ ./config.status si4

on think.unix7.org

config.status:770: creating si4

## ---------------------- ##
## Running config.status. ##
## ---------------------- ##

This file was extended by si4.pl config.status 0.01, which was
generated by GNU Autoconf 2.69.  Invocation command line was

  CONFIG_FILES    = 
  CONFIG_HEADERS  = 
  CONFIG_LINKS    = 
  CONFIG_COMMANDS = 
  $ ./config.status si4

on think.unix7.org

config.status:770: creating si4

## ---------------------- ##
## Running config.status. ##
## ---------------------- ##

This file was extended by si4.pl config.status 0.01, which was
generated by GNU Autoconf 2.69.  Invocation command line was

  CONFIG_FILES    = 
  CONFIG_HEADERS  = 
  CONFIG_LINKS    = 
  CONFIG_COMMANDS = 
  $ ./config.status si4

on think.unix7.org

config.status:770: creating si4

## ---------------------- ##
## Running config.status. ##
## ---------------------- ##

This file was extended by si4.pl config.status 0.01, which was
generated by GNU Autoconf 2.69.  Invocation command line was

  CONFIG_FILES    = 
  CONFIG_HEADERS  = 
  CONFIG_LINKS    = 
  CONFIG_COMMANDS = 
  $ ./config.status rc.d/si4

on think.unix7.org

config.status:770: creating rc.d/si4

## ---------------------- ##
## Running config.status. ##
## ---------------------- ##

This file was extended by si4.pl config.status 0.01, which was
generated by GNU Autoconf 2.69.  Invocation command line was

  CONFIG_FILES    = 
  CONFIG_HEADERS  = 
  CONFIG_LINKS    = 
  CONFIG_COMMANDS = 
  $ ./config.status si4

on think.unix7.org

config.status:770: creating si4

## ---------------------- ##
## Running config.status. ##
## ---------------------- ##

This file was extended by si4.pl config.status 0.01, which was
generated by GNU Autoconf 2.69.  Invocation command line was

  CONFIG_FILES    = 
  CONFIG_HEADERS  = 
  CONFIG_LINKS    = 
  CONFIG_COMMANDS = 
  $ ./config.status si4

on think.unix7.org

config.status:770: creating si4

## ---------------------- ##
## Running config.status. ##
## ---------------------- ##

This file was extended by si4.pl config.status 0.01, which was
generated by GNU Autoconf 2.69.  Invocation command line was

  CONFIG_FILES    = 
  CONFIG_HEADERS  = 
  CONFIG_LINKS    = 
  CONFIG_COMMANDS = 
  $ ./config.status si4

on think.unix7.org

config.status:770: creating si4

## ---------------------- ##
## Running config.status. ##
## ---------------------- ##

This file was extended by si4.pl config.status 0.01, which was
generated by GNU Autoconf 2.69.  Invocation command line was

  CONFIG_FILES    = 
  CONFIG_HEADERS  = 
  CONFIG_LINKS    = 
  CONFIG_COMMANDS = 
  $ ./config.status si4

on think.unix7.org

config.status:770: creating si4

## ---------------------- ##
## Running config.status. ##
## ---------------------- ##

This file was extended by si4.pl config.status 0.01, which was
generated by GNU Autoconf 2.69.  Invocation command line was

  CONFIG_FILES    = 
  CONFIG_HEADERS  = 
  CONFIG_LINKS    = 
  CONFIG_COMMANDS = 
  $ ./config.status si4

on think.unix7.org

config.status:770: creating si4

## ---------------------- ##
## Running config.status. ##
## ---------------------- ##

This file was extended by si4.pl config.status 0.01, which was
generated by GNU Autoconf 2.69.  Invocation command line was

  CONFIG_FILES    = 
  CONFIG_HEADERS  = 
  CONFIG_LINKS    = 
  CONFIG_COMMANDS = 
  $ ./config.status si4

on think.unix7.org

config.status:770: creating si4

## ---------------------- ##
## Running config.status. ##
## ---------------------- ##

This file was extended by si4.pl config.status 0.01, which was
generated by GNU Autoconf 2.69.  Invocation command line was

  CONFIG_FILES    = 
  CONFIG_HEADERS  = 
  CONFIG_LINKS    = 
  CONFIG_COMMANDS = 
  $ ./config.status si4

on think.unix7.org

config.status:770: creating si4
